[2018-12-28T13:52:15.342] [INFO] resLogger - 
*************** response log start ***************
request method: POST
request originalUrl:  /api/login
request client ip:  ::ffff:172.16.3.249
request body: 
{"code":"011SytLk0IUy3r12eBLk05zPLk0SytLy"}
response time: 1
response status: 404
response body: 
undefined
*************** response log end ***************

[2018-12-28T13:52:15.674] [INFO] resLogger - 
*************** response log start ***************
request method: POST
request originalUrl:  /api/getDissSelect
request client ip:  ::ffff:172.16.3.249
request body: 
{}
response time: 0
response status: 404
response body: 
undefined
*************** response log end ***************

[2018-12-28T13:52:19.746] [INFO] resLogger - 
*************** response log start ***************
request method: POST
request originalUrl:  /api/login
request client ip:  ::ffff:172.16.3.249
request body: 
{"code":"061eNaP02ADdAU0Nw9R02OacP02eNaPm"}
response time: 0
response status: 404
response body: 
undefined
*************** response log end ***************

[2018-12-28T13:52:19.788] [INFO] resLogger - 
*************** response log start ***************
request method: POST
request originalUrl:  /api/getDissSelect
request client ip:  ::ffff:172.16.3.249
request body: 
{}
response time: 0
response status: 404
response body: 
undefined
*************** response log end ***************

[2018-12-28T13:52:56.463] [INFO] resLogger - 
*************** response log start ***************
request method: POST
request originalUrl:  /api/login
request client ip:  ::ffff:172.16.3.249
request body: 
{"code":"081w8hFc0DuXMA1S8GEc0fNhFc0w8hFJ"}
response time: 0
response status: 404
response body: 
undefined
*************** response log end ***************

[2018-12-28T13:53:05.255] [INFO] resLogger - 
*************** response log start ***************
request method: POST
request originalUrl:  /api/login
request client ip:  ::ffff:172.16.3.249
request body: 
{"code":"061ode0a2fZqPL02lH1a2ghf0a2ode04"}
response time: 0
response status: 404
response body: 
undefined
*************** response log end ***************

[2018-12-28T13:53:05.348] [INFO] resLogger - 
*************** response log start ***************
request method: POST
request originalUrl:  /user/getDissSelect
request client ip:  ::ffff:172.16.3.249
request body: 
{}
response time: 0
response status: 404
response body: 
undefined
*************** response log end ***************

[2018-12-28T13:53:29.864] [INFO] resLogger - 
*************** response log start ***************
request method: POST
request originalUrl:  /api/login
request client ip:  ::ffff:172.16.3.249
request body: 
{"code":"011pD2Mj0HodMp1C0MJj0HAoMj0pD2Mj"}
response time: 0
response status: 404
response body: 
undefined
*************** response log end ***************

[2018-12-28T13:53:34.259] [INFO] resLogger - 
*************** response log start ***************
request method: POST
request originalUrl:  /api/login
request client ip:  ::ffff:172.16.3.249
request body: 
{"code":"011WMUJ30Af3mK1P60I30da5K30WMUJd"}
response time: 0
response status: 404
response body: 
undefined
*************** response log end ***************

[2018-12-28T13:54:47.265] [INFO] resLogger - 
*************** response log start ***************
request method: POST
request originalUrl:  /api/login
request client ip:  ::ffff:172.16.3.249
request body: 
{"code":"081h14jh2Ap9HA0gTDkh29q7jh2h14jT"}
response time: 1
response status: 404
response body: 
undefined
*************** response log end ***************

[2018-12-28T13:55:33.837] [INFO] resLogger - 
*************** response log start ***************
request method: POST
request originalUrl:  /api/login
request client ip:  ::ffff:172.16.3.249
request body: 
{"code":"001uMRF208nYhJ18CPD20m6TF20uMRF6"}
response time: 0
response status: 404
response body: 
undefined
*************** response log end ***************

[2018-12-28T13:58:21.373] [INFO] resLogger - 
*************** response log start ***************
request method: POST
request originalUrl:  /api/login
request client ip:  ::ffff:172.16.3.249
request body: 
{"code":"081yapuz0qs4we1Lg2uz0Tdjuz0yapuH"}
response time: 1
response status: 404
response body: 
undefined
*************** response log end ***************

[2018-12-28T13:58:46.905] [INFO] resLogger - 
*************** response log start ***************
request method: POST
request originalUrl:  /api/login
request client ip:  ::ffff:172.16.3.249
request body: 
{"code":"061nZSLf0gygPu1KwkOf0mRRLf0nZSLS"}
response time: 1
response status: 404
response body: 
undefined
*************** response log end ***************

[2018-12-28T13:59:29.456] [INFO] resLogger - 
*************** response log start ***************
request method: POST
request originalUrl:  /api/login
request client ip:  ::ffff:172.16.3.249
request body: 
{"code":"001VIuL72TxYAJ0PQ1M72dnIL72VIuLb"}
response time: 1
response status: 404
response body: 
undefined
*************** response log end ***************

[2018-12-28T13:59:52.830] [INFO] resLogger - 
*************** response log start ***************
request method: POST
request originalUrl:  /api/login
request client ip:  ::ffff:172.16.3.249
request body: 
{"code":"081j8qZG10cKp00GbhXG19hBZG1j8qZ5"}
response time: 1
response status: 404
response body: 
undefined
*************** response log end ***************

[2018-12-28T13:59:58.650] [INFO] resLogger - 
*************** response log start ***************
request method: POST
request originalUrl:  /api/login
request client ip:  ::ffff:172.16.3.249
request body: 
{"code":"081K34Is0pKdPg1ygKJs0bJdIs0K34IC"}
response time: 0
response status: 404
response body: 
undefined
*************** response log end ***************

